<?xml version="1.0" encoding="UTF-8"?>
<!-- Generated by org.testng.reporters.JUnitReportReporter -->
<testsuite hostname="TYSS-Yogita" failures="0" tests="5" name="advancedSelenium.PriorityPractice" time="4.317" errors="0" timestamp="2022-06-09T15:33:56 IST" skipped="0">
  <testcase classname="advancedSelenium.PriorityPractice" name="openBrowser" time="1.039"/>
  <system-out/>
  <testcase classname="advancedSelenium.PriorityPractice" name="launchURL" time="2.103"/>
  <system-out/>
  <testcase classname="advancedSelenium.PriorityPractice" name="login" time="0.566"/>
  <system-out/>
  <testcase classname="advancedSelenium.PriorityPractice" name="register" time="0.397"/>
  <system-out/>
  <testcase classname="advancedSelenium.PriorityPractice" name="closeBrowser" time="0.212"/>
  <system-out/>
</testsuite> <!-- advancedSelenium.PriorityPractice -->
