<?xml version="1.0" encoding="UTF-8"?>
<!-- Generated by org.testng.reporters.JUnitReportReporter -->
<testsuite hostname="TYSS-Yogita" failures="0" tests="2" name="advancedSelenium.TestNG_Practice" time="0.008" errors="0" timestamp="2022-06-10T13:20:21 IST" skipped="0">
  <testcase classname="advancedSelenium.TestNG_Practice" name="Sample" time="0.003"/>
  <system-out/>
  <testcase classname="advancedSelenium.TestNG_Practice" name="Demo" time="0.005"/>
  <system-out/>
</testsuite> <!-- advancedSelenium.TestNG_Practice -->
