<?xml version="1.0" encoding="UTF-8"?>
<!-- Generated by org.testng.reporters.JUnitReportReporter -->
<testsuite hostname="TYSS-Yogita" failures="0" tests="4" name="advancedSelenium.RegisterTestCase" time="23.204" errors="0" timestamp="2022-06-10T13:20:21 IST" skipped="0">
  <testcase classname="advancedSelenium.RegisterTestCase" name="RegisterTC" time="4.943"/>
  <system-out/>
  <testcase classname="advancedSelenium.RegisterTestCase" name="RegisterTC" time="4.498"/>
  <system-out/>
  <testcase classname="advancedSelenium.RegisterTestCase" name="RegisterTC" time="8.979"/>
  <system-out/>
  <testcase classname="advancedSelenium.RegisterTestCase" name="RegisterTC" time="4.784"/>
  <system-out/>
</testsuite> <!-- advancedSelenium.RegisterTestCase -->
