<?xml version="1.0" encoding="UTF-8"?>
<!-- Generated by org.testng.reporters.JUnitReportReporter -->
<testsuite hostname="TYSS-Yogita" failures="0" tests="1" name="advancedSelenium.PracticeIncludeExclude" time="0.006" errors="0" timestamp="2022-06-10T11:38:10 IST" skipped="0">
  <testcase classname="advancedSelenium.PracticeIncludeExclude" name="movies" time="0.006"/>
  <system-out/>
</testsuite> <!-- advancedSelenium.PracticeIncludeExclude -->
