<?xml version="1.0" encoding="UTF-8"?>
<!-- Generated by org.testng.reporters.JUnitReportReporter -->
<testsuite hostname="TYSS-Yogita" failures="0" tests="1" name="advancedSelenium.ConfigurationAnnotationPractice" time="0.001" errors="0" timestamp="2022-06-10T13:20:21 IST" skipped="0">
  <testcase classname="advancedSelenium.ConfigurationAnnotationPractice" name="testCase" time="0.001"/>
  <system-out/>
</testsuite> <!-- advancedSelenium.ConfigurationAnnotationPractice -->
