<?xml version="1.0" encoding="UTF-8"?>
<!-- Generated by org.testng.reporters.JUnitReportReporter -->
<testsuite hostname="TYSS-Yogita" failures="0" tests="2" name="testScripts.LoginTC" time="17.431" errors="0" timestamp="2022-06-14T14:53:03 IST" skipped="0">
  <testcase classname="testScripts.LoginTC" name="TC_01" time="14.764"/>
  <system-out>
    <![CDATA[FAIL: USer is not logged in]]>
  </system-out>
  <testcase classname="testScripts.LoginTC" name="TC_01" time="2.667"/>
  <system-out>
    <![CDATA[PASS: User is logged in]]>
  </system-out>
</testsuite> <!-- testScripts.LoginTC -->
