<?xml version="1.0" encoding="UTF-8"?>
<!-- Generated by org.testng.reporters.JUnitReportReporter -->
<testsuite hostname="TYSS-Yogita" failures="0" tests="11" name="advancedSelenium.TestCase1" time="169.034" errors="0" timestamp="2022-06-10T13:20:21 IST" skipped="0">
  <testcase classname="advancedSelenium.TestCase1" name="LoginTestCase" time="18.059"/>
  <system-out/>
  <testcase classname="advancedSelenium.TestCase1" name="LoginTestCase" time="14.073"/>
  <system-out/>
  <testcase classname="advancedSelenium.TestCase1" name="LoginTestCase" time="20.409"/>
  <system-out/>
  <testcase classname="advancedSelenium.TestCase1" name="LoginTestCase" time="17.951"/>
  <system-out/>
  <testcase classname="advancedSelenium.TestCase1" name="LoginTestCase" time="14.035"/>
  <system-out/>
  <testcase classname="advancedSelenium.TestCase1" name="LoginTestCase" time="20.439"/>
  <system-out/>
  <testcase classname="advancedSelenium.TestCase1" name="demo" time="0.001"/>
  <system-out/>
  <testcase classname="advancedSelenium.TestCase1" name="LoginTestCase" time="17.969"/>
  <system-out/>
  <testcase classname="advancedSelenium.TestCase1" name="LoginTestCase" time="14.130"/>
  <system-out/>
  <testcase classname="advancedSelenium.TestCase1" name="LoginTestCase" time="17.939"/>
  <system-out/>
  <testcase classname="advancedSelenium.TestCase1" name="LoginTestCase" time="14.029"/>
  <system-out/>
</testsuite> <!-- advancedSelenium.TestCase1 -->
