<?xml version="1.0" encoding="UTF-8"?>
<!-- Generated by org.testng.reporters.JUnitReportReporter -->
<testsuite hostname="TYSS-Yogita" failures="0" tests="4" name="advancedSelenium.PracticePriority" time="0.013" errors="0" timestamp="2022-06-10T13:20:21 IST" skipped="0">
  <testcase classname="advancedSelenium.PracticePriority" name="a_test" time="0.007"/>
  <system-out/>
  <testcase classname="advancedSelenium.PracticePriority" name="c_test" time="0.004"/>
  <system-out/>
  <testcase classname="advancedSelenium.PracticePriority" name="b_test" time="0.001"/>
  <system-out/>
  <testcase classname="advancedSelenium.PracticePriority" name="d_test" time="0.001"/>
  <system-out/>
</testsuite> <!-- advancedSelenium.PracticePriority -->
