<?xml version="1.0" encoding="UTF-8"?>
<!-- Generated by org.testng.reporters.JUnitReportReporter -->
<testsuite hostname="TYSS-Yogita" failures="0" tests="1" name="advancedSelenium.FireFoxPractice" time="3.836" errors="0" timestamp="2022-06-10T14:42:33 IST" skipped="0">
  <testcase classname="advancedSelenium.FireFoxPractice" name="openFirefox" time="3.836"/>
  <system-out/>
</testsuite> <!-- advancedSelenium.FireFoxPractice -->
