<?xml version="1.0" encoding="UTF-8"?>
<!-- Generated by org.testng.reporters.JUnitReportReporter -->
<testsuite hostname="TYSS-Yogita" failures="0" tests="4" name="advancedSelenium.PracticeBatch" time="0.012" errors="0" timestamp="2022-06-10T13:20:21 IST" skipped="0">
  <testcase classname="advancedSelenium.PracticeBatch" name="subjects" time="0.002"/>
  <system-out/>
  <testcase classname="advancedSelenium.PracticeBatch" name="food" time="0.006"/>
  <system-out/>
  <testcase classname="advancedSelenium.PracticeBatch" name="movies" time="0.002"/>
  <system-out/>
  <testcase classname="advancedSelenium.PracticeBatch" name="sports" time="0.002"/>
  <system-out/>
</testsuite> <!-- advancedSelenium.PracticeBatch -->
