<?xml version="1.0" encoding="UTF-8"?>
<!-- Generated by org.testng.reporters.JUnitReportReporter -->
<testsuite hostname="TYSS-Yogita" failures="0" tests="1" name="advancedSelenium.FireFoxTC" time="1.849" errors="0" timestamp="2022-06-11T12:19:40 IST" skipped="0">
  <testcase classname="advancedSelenium.FireFoxTC" name="TC" time="1.849"/>
  <system-out>
    <![CDATA[Test Case PASS]]>
  </system-out>
</testsuite> <!-- advancedSelenium.FireFoxTC -->
